android/app/build/intermediates/manifest_merge_blame_file/debug/manifest-merger-blame-debug-report.txt
1<?xml version="1.0" encoding="utf-8"?>
2<manifest xmlns:android="http://schemas.android.com/apk/res/android"
3    package="com.drivermax"
4    android:versionCode="1"
5    android:versionName="1.0" >
6
7    <uses-sdk
8        android:minSdkVersion="21"
9        android:targetSdkVersion="33" />
10
11    <uses-permission android:name="android.permission.SYSTEM_ALERT_WINDOW" />
11-->src/debug/AndroidManifest.xml:5:5-77
11-->src/debug/AndroidManifest.xml:5:22-75
12    <uses-permission android:name="android.permission.INTERNET" />
12-->src/main/AndroidManifest.xml:3:5-67
12-->src/main/AndroidManifest.xml:3:22-64
13    <uses-permission android:name="android.permission.ACCESS_GPS" />
13-->src/main/AndroidManifest.xml:4:5-69
13-->src/main/AndroidManifest.xml:4:22-66
14    <uses-permission android:name="android.permission.ACCESS_ASSISTED_GPS" />
14-->src/main/AndroidManifest.xml:5:5-78
14-->src/main/AndroidManifest.xml:5:22-75
15    <uses-permission android:name="android.permission.ACCESS_LOCATION" />
15-->src/main/AndroidManifest.xml:6:5-74
15-->src/main/AndroidManifest.xml:6:22-71
16    <uses-permission android:name="android.permission.ACCESS_COARSE_LOCATION" />
16-->src/main/AndroidManifest.xml:7:5-81
16-->src/main/AndroidManifest.xml:7:22-78
17    <uses-permission android:name="android.permission.ACCESS_FINE_LOCATION" />
17-->src/main/AndroidManifest.xml:8:5-79
17-->src/main/AndroidManifest.xml:8:22-76
18    <uses-permission android:name="android.permission.VIBRATE" />
18-->src/main/AndroidManifest.xml:9:5-66
18-->src/main/AndroidManifest.xml:9:22-63
19    <uses-permission android:name="android.permission.ACCESS_WIFI_STATE" />
19-->[com.facebook.flipper:flipper:0.182.0] AndroidManifest.xml:16:5-76
19-->[com.facebook.flipper:flipper:0.182.0] AndroidManifest.xml:16:22-73
20    <uses-permission android:name="android.permission.ACCESS_NETWORK_STATE" />
20-->[:react-native-community_netinfo] AndroidManifest.xml:7:5-79
20-->[:react-native-community_netinfo] AndroidManifest.xml:7:22-76
21    <uses-permission android:name="android.permission.WAKE_LOCK" /> <!-- Required by older versions of Google Play services to create IID tokens -->
21-->[:react-native-firebase_analytics] AndroidManifest.xml:9:5-68
21-->[:react-native-firebase_analytics] AndroidManifest.xml:9:22-65
22    <uses-permission android:name="com.google.android.c2dm.permission.RECEIVE" />
22-->[com.google.android.gms:play-services-iid:17.0.0] AndroidManifest.xml:23:5-82
22-->[com.google.android.gms:play-services-iid:17.0.0] AndroidManifest.xml:23:22-79
23
24    <uses-feature
24-->[com.google.android.gms:play-services-maps:18.0.2] AndroidManifest.xml:26:5-28:35
25        android:glEsVersion="0x00020000"
25-->[com.google.android.gms:play-services-maps:18.0.2] AndroidManifest.xml:27:9-41
26        android:required="true" />
26-->[com.google.android.gms:play-services-maps:18.0.2] AndroidManifest.xml:28:9-32
27
28    <queries>
28-->[com.google.android.gms:play-services-maps:18.0.2] AndroidManifest.xml:30:5-34:15
29
30        <!-- Needs to be explicitly declared on Android R+ -->
31        <package android:name="com.google.android.apps.maps" />
31-->[com.google.android.gms:play-services-maps:18.0.2] AndroidManifest.xml:33:9-64
31-->[com.google.android.gms:play-services-maps:18.0.2] AndroidManifest.xml:33:18-61
32    </queries>
33
34    <uses-permission android:name="com.google.android.finsky.permission.BIND_GET_INSTALL_REFERRER_SERVICE" /> <!-- Include required permissions for Advertising Id -->
34-->[com.google.android.gms:play-services-measurement:20.1.0] AndroidManifest.xml:26:5-110
34-->[com.google.android.gms:play-services-measurement:20.1.0] AndroidManifest.xml:26:22-107
35    <uses-permission android:name="com.google.android.gms.permission.AD_ID" />
35-->[com.google.android.gms:play-services-ads-identifier:18.0.0] AndroidManifest.xml:23:5-79
35-->[com.google.android.gms:play-services-ads-identifier:18.0.0] AndroidManifest.xml:23:22-76
36    <uses-permission android:name="android.permission.RECEIVE_BOOT_COMPLETED" />
36-->[androidx.work:work-runtime:2.7.1] AndroidManifest.xml:27:5-81
36-->[androidx.work:work-runtime:2.7.1] AndroidManifest.xml:27:22-78
37    <uses-permission android:name="android.permission.FOREGROUND_SERVICE" />
37-->[androidx.work:work-runtime:2.7.1] AndroidManifest.xml:28:5-77
37-->[androidx.work:work-runtime:2.7.1] AndroidManifest.xml:28:22-74
38
39    <permission
39-->[androidx.core:core:1.9.0] AndroidManifest.xml:22:5-24:47
40        android:name="com.drivermax.DYNAMIC_RECEIVER_NOT_EXPORTED_PERMISSION"
40-->[androidx.core:core:1.9.0] AndroidManifest.xml:23:9-81
41        android:protectionLevel="signature" />
41-->[androidx.core:core:1.9.0] AndroidManifest.xml:24:9-44
42
43    <uses-permission android:name="com.drivermax.DYNAMIC_RECEIVER_NOT_EXPORTED_PERMISSION" /> <!-- for android -->
43-->[androidx.core:core:1.9.0] AndroidManifest.xml:26:5-97
43-->[androidx.core:core:1.9.0] AndroidManifest.xml:26:22-94
44    <!-- <uses-permission android:name="com.android.launcher.permission.READ_SETTINGS"/> -->
45    <!-- <uses-permission android:name="com.android.launcher.permission.WRITE_SETTINGS"/> -->
46    <!-- <uses-permission android:name="com.android.launcher.permission.INSTALL_SHORTCUT" /> -->
47    <!-- <uses-permission android:name="com.android.launcher.permission.UNINSTALL_SHORTCUT" /> -->
48    <!-- for Samsung -->
49    <uses-permission android:name="com.sec.android.provider.badge.permission.READ" />
49-->[me.leolin:ShortcutBadger:1.1.22] AndroidManifest.xml:19:5-86
49-->[me.leolin:ShortcutBadger:1.1.22] AndroidManifest.xml:19:22-83
50    <uses-permission android:name="com.sec.android.provider.badge.permission.WRITE" /> <!-- for htc -->
50-->[me.leolin:ShortcutBadger:1.1.22] AndroidManifest.xml:20:5-87
50-->[me.leolin:ShortcutBadger:1.1.22] AndroidManifest.xml:20:22-84
51    <uses-permission android:name="com.htc.launcher.permission.READ_SETTINGS" />
51-->[me.leolin:ShortcutBadger:1.1.22] AndroidManifest.xml:23:5-81
51-->[me.leolin:ShortcutBadger:1.1.22] AndroidManifest.xml:23:22-78
52    <uses-permission android:name="com.htc.launcher.permission.UPDATE_SHORTCUT" /> <!-- for sony -->
52-->[me.leolin:ShortcutBadger:1.1.22] AndroidManifest.xml:24:5-83
52-->[me.leolin:ShortcutBadger:1.1.22] AndroidManifest.xml:24:22-80
53    <uses-permission android:name="com.sonyericsson.home.permission.BROADCAST_BADGE" />
53-->[me.leolin:ShortcutBadger:1.1.22] AndroidManifest.xml:27:5-88
53-->[me.leolin:ShortcutBadger:1.1.22] AndroidManifest.xml:27:22-85
54    <uses-permission android:name="com.sonymobile.home.permission.PROVIDER_INSERT_BADGE" /> <!-- for apex -->
54-->[me.leolin:ShortcutBadger:1.1.22] AndroidManifest.xml:28:5-92
54-->[me.leolin:ShortcutBadger:1.1.22] AndroidManifest.xml:28:22-89
55    <uses-permission android:name="com.anddoes.launcher.permission.UPDATE_COUNT" /> <!-- for solid -->
55-->[me.leolin:ShortcutBadger:1.1.22] AndroidManifest.xml:31:5-84
55-->[me.leolin:ShortcutBadger:1.1.22] AndroidManifest.xml:31:22-81
56    <uses-permission android:name="com.majeur.launcher.permission.UPDATE_BADGE" /> <!-- for huawei -->
56-->[me.leolin:ShortcutBadger:1.1.22] AndroidManifest.xml:34:5-83
56-->[me.leolin:ShortcutBadger:1.1.22] AndroidManifest.xml:34:22-80
57    <uses-permission android:name="com.huawei.android.launcher.permission.CHANGE_BADGE" />
57-->[me.leolin:ShortcutBadger:1.1.22] AndroidManifest.xml:37:5-91
57-->[me.leolin:ShortcutBadger:1.1.22] AndroidManifest.xml:37:22-88
58    <uses-permission android:name="com.huawei.android.launcher.permission.READ_SETTINGS" />
58-->[me.leolin:ShortcutBadger:1.1.22] AndroidManifest.xml:38:5-92
58-->[me.leolin:ShortcutBadger:1.1.22] AndroidManifest.xml:38:22-89
59    <uses-permission android:name="com.huawei.android.launcher.permission.WRITE_SETTINGS" /> <!-- for ZUK -->
59-->[me.leolin:ShortcutBadger:1.1.22] AndroidManifest.xml:39:5-93
59-->[me.leolin:ShortcutBadger:1.1.22] AndroidManifest.xml:39:22-90
60    <uses-permission android:name="android.permission.READ_APP_BADGE" /> <!-- for OPPO -->
60-->[me.leolin:ShortcutBadger:1.1.22] AndroidManifest.xml:42:5-73
60-->[me.leolin:ShortcutBadger:1.1.22] AndroidManifest.xml:42:22-70
61    <uses-permission android:name="com.oppo.launcher.permission.READ_SETTINGS" />
61-->[me.leolin:ShortcutBadger:1.1.22] AndroidManifest.xml:45:5-82
61-->[me.leolin:ShortcutBadger:1.1.22] AndroidManifest.xml:45:22-79
62    <uses-permission android:name="com.oppo.launcher.permission.WRITE_SETTINGS" /> <!-- for EvMe -->
62-->[me.leolin:ShortcutBadger:1.1.22] AndroidManifest.xml:46:5-83
62-->[me.leolin:ShortcutBadger:1.1.22] AndroidManifest.xml:46:22-80
63    <uses-permission android:name="me.everything.badger.permission.BADGE_COUNT_READ" />
63-->[me.leolin:ShortcutBadger:1.1.22] AndroidManifest.xml:49:5-88
63-->[me.leolin:ShortcutBadger:1.1.22] AndroidManifest.xml:49:22-85
64    <uses-permission android:name="me.everything.badger.permission.BADGE_COUNT_WRITE" />
64-->[me.leolin:ShortcutBadger:1.1.22] AndroidManifest.xml:50:5-89
64-->[me.leolin:ShortcutBadger:1.1.22] AndroidManifest.xml:50:22-86
65
66    <application
66-->src/main/AndroidManifest.xml:11:5-33:19
67        android:name="com.drivermax.MainApplication"
67-->src/main/AndroidManifest.xml:13:7-38
68        android:allowBackup="false"
68-->src/main/AndroidManifest.xml:17:7-34
69        android:appComponentFactory="androidx.core.app.CoreComponentFactory"
69-->[androidx.core:core:1.9.0] AndroidManifest.xml:28:18-86
70        android:debuggable="true"
71        android:icon="@mipmap/ic_launcher"
71-->src/main/AndroidManifest.xml:15:7-41
72        android:label="@string/app_name"
72-->src/main/AndroidManifest.xml:14:7-39
73        android:roundIcon="@mipmap/ic_launcher_round"
73-->src/main/AndroidManifest.xml:16:7-52
74        android:theme="@style/AppTheme"
74-->src/main/AndroidManifest.xml:18:7-38
75        android:usesCleartextTraffic="true" >
75-->src/main/AndroidManifest.xml:12:7-42
76        <activity
76-->src/debug/AndroidManifest.xml:11:9-111
77            android:name="com.facebook.react.devsupport.DevSettingsActivity"
77-->src/debug/AndroidManifest.xml:11:19-83
78            android:exported="false" />
78-->src/debug/AndroidManifest.xml:11:84-108
79
80        <meta-data
80-->src/main/AndroidManifest.xml:19:7-126
81            android:name="com.google.android.maps.v2.API_KEY"
81-->src/main/AndroidManifest.xml:19:18-67
82            android:value="AIzaSyAsI0vNPe8JNzLfI1ltcElk-mRaEOjiv2c" />
82-->src/main/AndroidManifest.xml:19:68-123
83
84        <activity
84-->src/main/AndroidManifest.xml:21:7-32:18
85            android:name="com.drivermax.MainActivity"
85-->src/main/AndroidManifest.xml:22:9-37
86            android:configChanges="keyboard|keyboardHidden|orientation|screenLayout|screenSize|smallestScreenSize|uiMode"
86-->src/main/AndroidManifest.xml:24:9-118
87            android:exported="true"
87-->src/main/AndroidManifest.xml:27:9-32
88            android:label="@string/app_name"
88-->src/main/AndroidManifest.xml:23:9-41
89            android:launchMode="singleTask"
89-->src/main/AndroidManifest.xml:25:9-40
90            android:windowSoftInputMode="adjustResize" >
90-->src/main/AndroidManifest.xml:26:9-51
91            <intent-filter>
91-->src/main/AndroidManifest.xml:28:9-31:25
92                <action android:name="android.intent.action.MAIN" />
92-->src/main/AndroidManifest.xml:29:13-65
92-->src/main/AndroidManifest.xml:29:21-62
93
94                <category android:name="android.intent.category.LAUNCHER" />
94-->src/main/AndroidManifest.xml:30:13-73
94-->src/main/AndroidManifest.xml:30:23-70
95            </intent-filter>
96        </activity>
97
98        <meta-data
98-->[:react-native-firebase_analytics] AndroidManifest.xml:12:9-14:36
99            android:name="firebase_analytics_collection_enabled"
99-->[:react-native-firebase_analytics] AndroidManifest.xml:13:13-65
100            android:value="true" />
100-->[:react-native-firebase_analytics] AndroidManifest.xml:14:13-33
101        <meta-data
101-->[:react-native-firebase_analytics] AndroidManifest.xml:15:9-17:37
102            android:name="firebase_analytics_collection_deactivated"
102-->[:react-native-firebase_analytics] AndroidManifest.xml:16:13-69
103            android:value="false" />
103-->[:react-native-firebase_analytics] AndroidManifest.xml:17:13-34
104        <meta-data
104-->[:react-native-firebase_analytics] AndroidManifest.xml:18:9-20:36
105            android:name="google_analytics_adid_collection_enabled"
105-->[:react-native-firebase_analytics] AndroidManifest.xml:19:13-68
106            android:value="true" />
106-->[:react-native-firebase_analytics] AndroidManifest.xml:20:13-33
107        <meta-data
107-->[:react-native-firebase_analytics] AndroidManifest.xml:21:9-23:36
108            android:name="google_analytics_ssaid_collection_enabled"
108-->[:react-native-firebase_analytics] AndroidManifest.xml:22:13-69
109            android:value="true" />
109-->[:react-native-firebase_analytics] AndroidManifest.xml:23:13-33
110        <meta-data
110-->[:react-native-firebase_analytics] AndroidManifest.xml:24:9-26:36
111            android:name="google_analytics_default_allow_ad_personalization_signals"
111-->[:react-native-firebase_analytics] AndroidManifest.xml:25:13-85
112            android:value="true" />
112-->[:react-native-firebase_analytics] AndroidManifest.xml:26:13-33
113        <meta-data
113-->[:react-native-firebase_analytics] AndroidManifest.xml:27:9-29:36
114            android:name="google_analytics_automatic_screen_reporting_enabled"
114-->[:react-native-firebase_analytics] AndroidManifest.xml:28:13-79
115            android:value="true" />
115-->[:react-native-firebase_analytics] AndroidManifest.xml:29:13-33
116
117        <service android:name="io.invertase.firebase.messaging.ReactNativeFirebaseMessagingHeadlessService" />
117-->[:react-native-firebase_messaging] AndroidManifest.xml:12:9-111
117-->[:react-native-firebase_messaging] AndroidManifest.xml:12:18-108
118        <service
118-->[:react-native-firebase_messaging] AndroidManifest.xml:13:9-19:19
119            android:name="io.invertase.firebase.messaging.ReactNativeFirebaseMessagingService"
119-->[:react-native-firebase_messaging] AndroidManifest.xml:14:13-95
120            android:exported="false" >
120-->[:react-native-firebase_messaging] AndroidManifest.xml:15:13-37
121            <intent-filter>
121-->[:react-native-firebase_messaging] AndroidManifest.xml:16:13-18:29
122                <action android:name="com.google.firebase.MESSAGING_EVENT" />
122-->[:react-native-firebase_messaging] AndroidManifest.xml:17:17-78
122-->[:react-native-firebase_messaging] AndroidManifest.xml:17:25-75
123            </intent-filter>
124        </service>
125
126        <receiver
126-->[:react-native-firebase_messaging] AndroidManifest.xml:21:9-28:20
127            android:name="io.invertase.firebase.messaging.ReactNativeFirebaseMessagingReceiver"
127-->[:react-native-firebase_messaging] AndroidManifest.xml:22:13-96
128            android:exported="true"
128-->[:react-native-firebase_messaging] AndroidManifest.xml:23:13-36
129            android:permission="com.google.android.c2dm.permission.SEND" >
129-->[:react-native-firebase_messaging] AndroidManifest.xml:24:13-73
130            <intent-filter>
130-->[:react-native-firebase_messaging] AndroidManifest.xml:25:13-27:29
131                <action android:name="com.google.android.c2dm.intent.RECEIVE" />
131-->[:react-native-firebase_messaging] AndroidManifest.xml:26:17-81
131-->[:react-native-firebase_messaging] AndroidManifest.xml:26:25-78
132            </intent-filter>
133        </receiver>
134
135        <meta-data
135-->[:react-native-firebase_messaging] AndroidManifest.xml:30:9-32:36
136            android:name="firebase_messaging_auto_init_enabled"
136-->[:react-native-firebase_messaging] AndroidManifest.xml:31:13-64
137            android:value="true" />
137-->[:react-native-firebase_messaging] AndroidManifest.xml:32:13-33
138        <meta-data
138-->[:react-native-firebase_messaging] AndroidManifest.xml:33:9-35:32
139            android:name="com.google.firebase.messaging.default_notification_channel_id"
139-->[:react-native-firebase_messaging] AndroidManifest.xml:34:13-89
140            android:value="" />
140-->[:react-native-firebase_messaging] AndroidManifest.xml:35:13-29
141        <meta-data
141-->[:react-native-firebase_messaging] AndroidManifest.xml:36:9-38:47
142            android:name="com.google.firebase.messaging.default_notification_color"
142-->[:react-native-firebase_messaging] AndroidManifest.xml:37:13-84
143            android:resource="@color/white" />
143-->[:react-native-firebase_messaging] AndroidManifest.xml:38:13-44
144        <meta-data
144-->[:react-native-firebase_app] AndroidManifest.xml:8:9-10:36
145            android:name="app_data_collection_default_enabled"
145-->[:react-native-firebase_app] AndroidManifest.xml:9:13-63
146            android:value="true" />
146-->[:react-native-firebase_app] AndroidManifest.xml:10:13-33
147
148        <service
148-->[:react-native-firebase_app] AndroidManifest.xml:12:9-16:19
149            android:name="com.google.firebase.components.ComponentDiscoveryService"
149-->[:react-native-firebase_app] AndroidManifest.xml:12:18-89
150            android:directBootAware="true"
150-->[com.google.firebase:firebase-common:20.0.0] AndroidManifest.xml:35:13-43
151            android:exported="false" >
151-->[com.google.firebase:firebase-auth:21.0.1] AndroidManifest.xml:76:13-37
152            <meta-data
152-->[:react-native-firebase_app] AndroidManifest.xml:13:13-15:85
153                android:name="com.google.firebase.components:io.invertase.firebase.app.ReactNativeFirebaseAppRegistrar"
153-->[:react-native-firebase_app] AndroidManifest.xml:14:17-120
154                android:value="com.google.firebase.components.ComponentRegistrar" />
154-->[:react-native-firebase_app] AndroidManifest.xml:15:17-82
155            <meta-data
155-->[com.google.firebase:firebase-auth:21.0.1] AndroidManifest.xml:77:13-79:85
156                android:name="com.google.firebase.components:com.google.firebase.auth.FirebaseAuthRegistrar"
156-->[com.google.firebase:firebase-auth:21.0.1] AndroidManifest.xml:78:17-109
157                android:value="com.google.firebase.components.ComponentRegistrar" />
157-->[com.google.firebase:firebase-auth:21.0.1] AndroidManifest.xml:79:17-82
158            <meta-data
158-->[com.google.firebase:firebase-messaging:23.0.0] AndroidManifest.xml:52:13-54:85
159                android:name="com.google.firebase.components:com.google.firebase.messaging.FirebaseMessagingRegistrar"
159-->[com.google.firebase:firebase-messaging:23.0.0] AndroidManifest.xml:53:17-119
160                android:value="com.google.firebase.components.ComponentRegistrar" />
160-->[com.google.firebase:firebase-messaging:23.0.0] AndroidManifest.xml:54:17-82
161            <meta-data
161-->[com.google.android.gms:play-services-measurement-api:20.1.0] AndroidManifest.xml:30:13-32:85
162                android:name="com.google.firebase.components:com.google.firebase.analytics.connector.internal.AnalyticsConnectorRegistrar"
162-->[com.google.android.gms:play-services-measurement-api:20.1.0] AndroidManifest.xml:31:17-139
163                android:value="com.google.firebase.components.ComponentRegistrar" />
163-->[com.google.android.gms:play-services-measurement-api:20.1.0] AndroidManifest.xml:32:17-82
164            <meta-data
164-->[com.google.firebase:firebase-datatransport:18.0.0] AndroidManifest.xml:28:13-30:85
165                android:name="com.google.firebase.components:com.google.firebase.datatransport.TransportRegistrar"
165-->[com.google.firebase:firebase-datatransport:18.0.0] AndroidManifest.xml:29:17-115
166                android:value="com.google.firebase.components.ComponentRegistrar" />
166-->[com.google.firebase:firebase-datatransport:18.0.0] AndroidManifest.xml:30:17-82
167            <meta-data
167-->[com.google.firebase:firebase-installations:17.0.0] AndroidManifest.xml:18:13-20:85
168                android:name="com.google.firebase.components:com.google.firebase.installations.FirebaseInstallationsRegistrar"
168-->[com.google.firebase:firebase-installations:17.0.0] AndroidManifest.xml:19:17-127
169                android:value="com.google.firebase.components.ComponentRegistrar" />
169-->[com.google.firebase:firebase-installations:17.0.0] AndroidManifest.xml:20:17-82
170        </service>
171
172        <provider
172-->[:react-native-firebase_app] AndroidManifest.xml:18:9-22:38
173            android:name="io.invertase.firebase.app.ReactNativeFirebaseAppInitProvider"
173-->[:react-native-firebase_app] AndroidManifest.xml:19:13-88
174            android:authorities="com.drivermax.reactnativefirebaseappinitprovider"
174-->[:react-native-firebase_app] AndroidManifest.xml:20:13-86
175            android:exported="false"
175-->[:react-native-firebase_app] AndroidManifest.xml:21:13-37
176            android:initOrder="99" />
176-->[:react-native-firebase_app] AndroidManifest.xml:22:13-35
177        <provider
177-->[:react-native-image-picker] AndroidManifest.xml:8:9-16:20
178            android:name="com.imagepicker.ImagePickerProvider"
178-->[:react-native-image-picker] AndroidManifest.xml:9:13-63
179            android:authorities="com.drivermax.imagepickerprovider"
179-->[:react-native-image-picker] AndroidManifest.xml:10:13-71
180            android:exported="false"
180-->[:react-native-image-picker] AndroidManifest.xml:11:13-37
181            android:grantUriPermissions="true" >
181-->[:react-native-image-picker] AndroidManifest.xml:12:13-47
182            <meta-data
182-->[:react-native-image-picker] AndroidManifest.xml:13:13-15:70
183                android:name="android.support.FILE_PROVIDER_PATHS"
183-->[:react-native-image-picker] AndroidManifest.xml:14:17-67
184                android:resource="@xml/imagepicker_provider_paths" />
184-->[:react-native-image-picker] AndroidManifest.xml:15:17-67
185        </provider>
186
187        <meta-data
187-->[com.github.bumptech.glide:okhttp3-integration:4.12.0] AndroidManifest.xml:11:9-13:43
188            android:name="com.bumptech.glide.integration.okhttp3.OkHttpGlideModule"
188-->[com.github.bumptech.glide:okhttp3-integration:4.12.0] AndroidManifest.xml:12:13-84
189            android:value="GlideModule" />
189-->[com.github.bumptech.glide:okhttp3-integration:4.12.0] AndroidManifest.xml:13:13-40
190
191        <activity
191-->[com.google.android.gms:play-services-auth:20.1.0] AndroidManifest.xml:23:9-27:75
192            android:name="com.google.android.gms.auth.api.signin.internal.SignInHubActivity"
192-->[com.google.android.gms:play-services-auth:20.1.0] AndroidManifest.xml:24:13-93
193            android:excludeFromRecents="true"
193-->[com.google.android.gms:play-services-auth:20.1.0] AndroidManifest.xml:25:13-46
194            android:exported="false"
194-->[com.google.android.gms:play-services-auth:20.1.0] AndroidManifest.xml:26:13-37
195            android:theme="@android:style/Theme.Translucent.NoTitleBar" />
195-->[com.google.android.gms:play-services-auth:20.1.0] AndroidManifest.xml:27:13-72
196        <!--
197            Service handling Google Sign-In user revocation. For apps that do not integrate with
198            Google Sign-In, this service will never be started.
199        -->
200        <service
200-->[com.google.android.gms:play-services-auth:20.1.0] AndroidManifest.xml:33:9-37:51
201            android:name="com.google.android.gms.auth.api.signin.RevocationBoundService"
201-->[com.google.android.gms:play-services-auth:20.1.0] AndroidManifest.xml:34:13-89
202            android:exported="true"
202-->[com.google.android.gms:play-services-auth:20.1.0] AndroidManifest.xml:35:13-36
203            android:permission="com.google.android.gms.auth.api.signin.permission.REVOCATION_NOTIFICATION"
203-->[com.google.android.gms:play-services-auth:20.1.0] AndroidManifest.xml:36:13-107
204            android:visibleToInstantApps="true" /> <!-- Needs to be explicitly declared on P+ -->
204-->[com.google.android.gms:play-services-auth:20.1.0] AndroidManifest.xml:37:13-48
205        <uses-library
205-->[com.google.android.gms:play-services-maps:18.0.2] AndroidManifest.xml:39:9-41:40
206            android:name="org.apache.http.legacy"
206-->[com.google.android.gms:play-services-maps:18.0.2] AndroidManifest.xml:40:13-50
207            android:required="false" />
207-->[com.google.android.gms:play-services-maps:18.0.2] AndroidManifest.xml:41:13-37
208
209        <activity
209-->[com.google.firebase:firebase-auth:21.0.1] AndroidManifest.xml:27:9-44:20
210            android:name="com.google.firebase.auth.internal.GenericIdpActivity"
210-->[com.google.firebase:firebase-auth:21.0.1] AndroidManifest.xml:28:13-80
211            android:excludeFromRecents="true"
211-->[com.google.firebase:firebase-auth:21.0.1] AndroidManifest.xml:29:13-46
212            android:exported="true"
212-->[com.google.firebase:firebase-auth:21.0.1] AndroidManifest.xml:30:13-36
213            android:launchMode="singleTask"
213-->[com.google.firebase:firebase-auth:21.0.1] AndroidManifest.xml:31:13-44
214            android:theme="@android:style/Theme.Translucent.NoTitleBar" >
214-->[com.google.firebase:firebase-auth:21.0.1] AndroidManifest.xml:32:13-72
215            <intent-filter>
215-->[com.google.firebase:firebase-auth:21.0.1] AndroidManifest.xml:33:13-43:29
216                <action android:name="android.intent.action.VIEW" />
216-->[com.google.firebase:firebase-auth:21.0.1] AndroidManifest.xml:34:17-69
216-->[com.google.firebase:firebase-auth:21.0.1] AndroidManifest.xml:34:25-66
217
218                <category android:name="android.intent.category.DEFAULT" />
218-->[com.google.firebase:firebase-auth:21.0.1] AndroidManifest.xml:36:17-76
218-->[com.google.firebase:firebase-auth:21.0.1] AndroidManifest.xml:36:27-73
219                <category android:name="android.intent.category.BROWSABLE" />
219-->[com.google.firebase:firebase-auth:21.0.1] AndroidManifest.xml:37:17-78
219-->[com.google.firebase:firebase-auth:21.0.1] AndroidManifest.xml:37:27-75
220
221                <data
221-->[com.google.firebase:firebase-auth:21.0.1] AndroidManifest.xml:39:17-42:51
222                    android:host="firebase.auth"
222-->[com.google.firebase:firebase-auth:21.0.1] AndroidManifest.xml:40:21-49
223                    android:path="/"
223-->[com.google.firebase:firebase-auth:21.0.1] AndroidManifest.xml:41:21-37
224                    android:scheme="genericidp" />
224-->[com.google.firebase:firebase-auth:21.0.1] AndroidManifest.xml:42:21-48
225            </intent-filter>
226        </activity>
227        <activity
227-->[com.google.firebase:firebase-auth:21.0.1] AndroidManifest.xml:45:9-62:20
228            android:name="com.google.firebase.auth.internal.RecaptchaActivity"
228-->[com.google.firebase:firebase-auth:21.0.1] AndroidManifest.xml:46:13-79
229            android:excludeFromRecents="true"
229-->[com.google.firebase:firebase-auth:21.0.1] AndroidManifest.xml:47:13-46
230            android:exported="true"
230-->[com.google.firebase:firebase-auth:21.0.1] AndroidManifest.xml:48:13-36
231            android:launchMode="singleTask"
231-->[com.google.firebase:firebase-auth:21.0.1] AndroidManifest.xml:49:13-44
232            android:theme="@android:style/Theme.Translucent.NoTitleBar" >
232-->[com.google.firebase:firebase-auth:21.0.1] AndroidManifest.xml:50:13-72
233            <intent-filter>
233-->[com.google.firebase:firebase-auth:21.0.1] AndroidManifest.xml:51:13-61:29
234                <action android:name="android.intent.action.VIEW" />
234-->[com.google.firebase:firebase-auth:21.0.1] AndroidManifest.xml:34:17-69
234-->[com.google.firebase:firebase-auth:21.0.1] AndroidManifest.xml:34:25-66
235
236                <category android:name="android.intent.category.DEFAULT" />
236-->[com.google.firebase:firebase-auth:21.0.1] AndroidManifest.xml:36:17-76
236-->[com.google.firebase:firebase-auth:21.0.1] AndroidManifest.xml:36:27-73
237                <category android:name="android.intent.category.BROWSABLE" />
237-->[com.google.firebase:firebase-auth:21.0.1] AndroidManifest.xml:37:17-78
237-->[com.google.firebase:firebase-auth:21.0.1] AndroidManifest.xml:37:27-75
238
239                <data
239-->[com.google.firebase:firebase-auth:21.0.1] AndroidManifest.xml:39:17-42:51
240                    android:host="firebase.auth"
240-->[com.google.firebase:firebase-auth:21.0.1] AndroidManifest.xml:40:21-49
241                    android:path="/"
241-->[com.google.firebase:firebase-auth:21.0.1] AndroidManifest.xml:41:21-37
242                    android:scheme="recaptcha" />
242-->[com.google.firebase:firebase-auth:21.0.1] AndroidManifest.xml:42:21-48
243            </intent-filter>
244        </activity>
245
246        <service
246-->[com.google.firebase:firebase-auth:21.0.1] AndroidManifest.xml:64:9-73:19
247            android:name="com.google.firebase.auth.api.fallback.service.FirebaseAuthFallbackService"
247-->[com.google.firebase:firebase-auth:21.0.1] AndroidManifest.xml:65:13-101
248            android:enabled="true"
248-->[com.google.firebase:firebase-auth:21.0.1] AndroidManifest.xml:66:13-35
249            android:exported="false" >
249-->[com.google.firebase:firebase-auth:21.0.1] AndroidManifest.xml:67:13-37
250            <intent-filter>
250-->[com.google.firebase:firebase-auth:21.0.1] AndroidManifest.xml:68:13-72:29
251                <action android:name="com.google.firebase.auth.api.gms.service.START" />
251-->[com.google.firebase:firebase-auth:21.0.1] AndroidManifest.xml:69:17-89
251-->[com.google.firebase:firebase-auth:21.0.1] AndroidManifest.xml:69:25-86
252
253                <category android:name="android.intent.category.DEFAULT" />
253-->[com.google.firebase:firebase-auth:21.0.1] AndroidManifest.xml:36:17-76